<?xml version="1.0" encoding="UTF-8"?>
<testsuite xmlns:xsi="http://www.w3.org/2001/XMLSchema-instance" xsi:noNamespaceSchemaLocation="https://maven.apache.org/surefire/maven-surefire-plugin/xsd/surefire-test-report.xsd" name="org.fpij.jitakyoei.model.dao.ApagarProfessorDaoTest" time="0.203" tests="1" errors="0" skipped="0" failures="0">
  <properties>
    <property name="java.specification.version" value="23"/>
    <property name="sun.cpu.isalist" value="amd64"/>
    <property name="sun.jnu.encoding" value="Cp1252"/>
    <property name="java.class.path" value="C:\Users\Admin\Desktop\Projeto Calebe 8Ciclo\Judocas-Caleb\calebe\target\test-classes;C:\Users\Admin\Desktop\Projeto Calebe 8Ciclo\Judocas-Caleb\calebe\target\classes;C:\Users\Admin\.m2\repository\junit\junit\4.11\junit-4.11.jar;C:\Users\Admin\.m2\repository\org\hamcrest\hamcrest-core\1.3\hamcrest-core-1.3.jar;C:\Users\Admin\.m2\repository\db4o\db4o\7.4.106.13438-java5\db4o-7.4.106.13438-java5.jar;C:\Users\Admin\.m2\repository\forms\forms\1.0\forms-1.0.jar;C:\Users\Admin\.m2\repository\jcalendar\jcalendar\1.3.3\jcalendar-1.3.3.jar;C:\Users\Admin\.m2\repository\PgsLookAndFeel\PgsLookAndFeel\1.0\PgsLookAndFeel-1.0.jar;C:\Users\Admin\.m2\repository\TableLayout-javadoc\TableLayout-javadoc\1.0\TableLayout-javadoc-1.0.jar;C:\Users\Admin\.m2\repository\TableLayout-src\TableLayout-src\1.0\TableLayout-src-1.0.jar;C:\Users\Admin\.m2\repository\TableLayout\TableLayout\1.0\TableLayout-1.0.jar;C:\Users\Admin\.m2\repository\genesis\backport175\backport\175-1.1.RC1-snapshot\backport-175-1.1.RC1-snapshot.jar;C:\Users\Admin\.m2\repository\genesis\commons\commons-beanutils\1.7\commons-beanutils-1.7.jar;C:\Users\Admin\.m2\repository\genesis\commons\commons-digester\1.8\commons-digester-1.8.jar;C:\Users\Admin\.m2\repository\genesis\commons\commons-logging\1.1\commons-logging-1.1.jar;C:\Users\Admin\.m2\repository\genesis\commons\commons-validator\1.3.1\commons-validator-1.3.1.jar;C:\Users\Admin\.m2\repository\genesis\commons\jakarta-oro\2.0.8\jakarta-oro-2.0.8.jar;C:\Users\Admin\.m2\repository\genesis\commons\reusable-components\1.3.1\reusable-components-1.3.1.jar;C:\Users\Admin\.m2\repository\genesis\script\bsf\2.4.0\bsf-2.4.0.jar;C:\Users\Admin\.m2\repository\genesis\script\bsh\2.0b4\bsh-2.0b4.jar;C:\Users\Admin\.m2\repository\genesis\script\commons-el\1.0\commons-el-1.0.jar;C:\Users\Admin\.m2\repository\genesis\script\commons-jxpath\1.2\commons-jxpath-1.2.jar;C:\Users\Admin\.m2\repository\genesis\script\jakarta-taglibs-standard\1.1.2\jakarta-taglibs-standard-1.1.2.jar;C:\Users\Admin\.m2\repository\genesis\script\js\1.6R5\js-1.6R5.jar;C:\Users\Admin\.m2\repository\genesis\script\jsp-api\1.0\jsp-api-1.0.jar;C:\Users\Admin\.m2\repository\genesis\genesis-annotation\3.2\genesis-annotation-3.2.jar;C:\Users\Admin\.m2\repository\genesis\genesis-aspect\3.2\genesis-aspect-3.2.jar;C:\Users\Admin\.m2\repository\genesis\genesis-aspect-annotated\3.2\genesis-aspect-annotated-3.2.jar;C:\Users\Admin\.m2\repository\genesis\genesis-client\3.2\genesis-client-3.2.jar;C:\Users\Admin\.m2\repository\genesis\genesis-client-swing\3.2\genesis-client-swing-3.2.jar;C:\Users\Admin\.m2\repository\genesis\genesis-client-swt\3.2\genesis-client-swt-3.2.jar;C:\Users\Admin\.m2\repository\genesis\genesis-client-thinlet\3.2\genesis-client-thinlet-3.2.jar;C:\Users\Admin\.m2\repository\genesis\genesis-container\3.2\genesis-container-3.2.jar;C:\Users\Admin\.m2\repository\genesis\genesis-server\3.2\genesis-server-3.2.jar;C:\Users\Admin\.m2\repository\genesis\genesis-shared\3.2\genesis-shared-3.2.jar;C:\Users\Admin\.m2\repository\genesis\genesis-shared-annotated\3.2\genesis-shared-annotated-3.2.jar;"/>
    <property name="java.vm.vendor" value="Oracle Corporation"/>
    <property name="sun.arch.data.model" value="64"/>
    <property name="user.variant" value=""/>
    <property name="java.vendor.url" value="https://java.oracle.com/"/>
    <property name="user.timezone" value="America/Sao_Paulo"/>
    <property name="user.country.format" value="BR"/>
    <property name="os.name" value="Windows 10"/>
    <property name="java.vm.specification.version" value="23"/>
    <property name="sun.java.launcher" value="SUN_STANDARD"/>
    <property name="user.country" value="US"/>
    <property name="sun.boot.library.path" value="C:\Program Files\Java\jdk-23\bin"/>
    <property name="sun.java.command" value="C:\Users\Admin\AppData\Local\Temp\surefire17480242939615103345\surefirebooter15002682723811467465.jar C:\Users\Admin\AppData\Local\Temp\surefire17480242939615103345 2024-12-03T17-50-30_751-jvmRun1 surefire5190146501310876365tmp surefire_016626161445574521572tmp"/>
    <property name="jdk.debug" value="release"/>
    <property name="surefire.test.class.path" value="C:\Users\Admin\Desktop\Projeto Calebe 8Ciclo\Judocas-Caleb\calebe\target\test-classes;C:\Users\Admin\Desktop\Projeto Calebe 8Ciclo\Judocas-Caleb\calebe\target\classes;C:\Users\Admin\.m2\repository\junit\junit\4.11\junit-4.11.jar;C:\Users\Admin\.m2\repository\org\hamcrest\hamcrest-core\1.3\hamcrest-core-1.3.jar;C:\Users\Admin\.m2\repository\db4o\db4o\7.4.106.13438-java5\db4o-7.4.106.13438-java5.jar;C:\Users\Admin\.m2\repository\forms\forms\1.0\forms-1.0.jar;C:\Users\Admin\.m2\repository\jcalendar\jcalendar\1.3.3\jcalendar-1.3.3.jar;C:\Users\Admin\.m2\repository\PgsLookAndFeel\PgsLookAndFeel\1.0\PgsLookAndFeel-1.0.jar;C:\Users\Admin\.m2\repository\TableLayout-javadoc\TableLayout-javadoc\1.0\TableLayout-javadoc-1.0.jar;C:\Users\Admin\.m2\repository\TableLayout-src\TableLayout-src\1.0\TableLayout-src-1.0.jar;C:\Users\Admin\.m2\repository\TableLayout\TableLayout\1.0\TableLayout-1.0.jar;C:\Users\Admin\.m2\repository\genesis\backport175\backport\175-1.1.RC1-snapshot\backport-175-1.1.RC1-snapshot.jar;C:\Users\Admin\.m2\repository\genesis\commons\commons-beanutils\1.7\commons-beanutils-1.7.jar;C:\Users\Admin\.m2\repository\genesis\commons\commons-digester\1.8\commons-digester-1.8.jar;C:\Users\Admin\.m2\repository\genesis\commons\commons-logging\1.1\commons-logging-1.1.jar;C:\Users\Admin\.m2\repository\genesis\commons\commons-validator\1.3.1\commons-validator-1.3.1.jar;C:\Users\Admin\.m2\repository\genesis\commons\jakarta-oro\2.0.8\jakarta-oro-2.0.8.jar;C:\Users\Admin\.m2\repository\genesis\commons\reusable-components\1.3.1\reusable-components-1.3.1.jar;C:\Users\Admin\.m2\repository\genesis\script\bsf\2.4.0\bsf-2.4.0.jar;C:\Users\Admin\.m2\repository\genesis\script\bsh\2.0b4\bsh-2.0b4.jar;C:\Users\Admin\.m2\repository\genesis\script\commons-el\1.0\commons-el-1.0.jar;C:\Users\Admin\.m2\repository\genesis\script\commons-jxpath\1.2\commons-jxpath-1.2.jar;C:\Users\Admin\.m2\repository\genesis\script\jakarta-taglibs-standard\1.1.2\jakarta-taglibs-standard-1.1.2.jar;C:\Users\Admin\.m2\repository\genesis\script\js\1.6R5\js-1.6R5.jar;C:\Users\Admin\.m2\repository\genesis\script\jsp-api\1.0\jsp-api-1.0.jar;C:\Users\Admin\.m2\repository\genesis\genesis-annotation\3.2\genesis-annotation-3.2.jar;C:\Users\Admin\.m2\repository\genesis\genesis-aspect\3.2\genesis-aspect-3.2.jar;C:\Users\Admin\.m2\repository\genesis\genesis-aspect-annotated\3.2\genesis-aspect-annotated-3.2.jar;C:\Users\Admin\.m2\repository\genesis\genesis-client\3.2\genesis-client-3.2.jar;C:\Users\Admin\.m2\repository\genesis\genesis-client-swing\3.2\genesis-client-swing-3.2.jar;C:\Users\Admin\.m2\repository\genesis\genesis-client-swt\3.2\genesis-client-swt-3.2.jar;C:\Users\Admin\.m2\repository\genesis\genesis-client-thinlet\3.2\genesis-client-thinlet-3.2.jar;C:\Users\Admin\.m2\repository\genesis\genesis-container\3.2\genesis-container-3.2.jar;C:\Users\Admin\.m2\repository\genesis\genesis-server\3.2\genesis-server-3.2.jar;C:\Users\Admin\.m2\repository\genesis\genesis-shared\3.2\genesis-shared-3.2.jar;C:\Users\Admin\.m2\repository\genesis\genesis-shared-annotated\3.2\genesis-shared-annotated-3.2.jar;"/>
    <property name="sun.cpu.endian" value="little"/>
    <property name="user.home" value="C:\Users\Admin"/>
    <property name="user.language" value="en"/>
    <property name="java.specification.vendor" value="Oracle Corporation"/>
    <property name="java.version.date" value="2024-10-15"/>
    <property name="java.home" value="C:\Program Files\Java\jdk-23"/>
    <property name="file.separator" value="\"/>
    <property name="basedir" value="C:\Users\Admin\Desktop\Projeto Calebe 8Ciclo\Judocas-Caleb\calebe"/>
    <property name="java.vm.compressedOopsMode" value="Zero based"/>
    <property name="line.separator" value="&#10;"/>
    <property name="java.vm.specification.vendor" value="Oracle Corporation"/>
    <property name="java.specification.name" value="Java Platform API Specification"/>
    <property name="surefire.real.class.path" value="C:\Users\Admin\AppData\Local\Temp\surefire17480242939615103345\surefirebooter15002682723811467465.jar"/>
    <property name="user.script" value=""/>
    <property name="sun.management.compiler" value="HotSpot 64-Bit Tiered Compilers"/>
    <property name="java.runtime.version" value="23.0.1+11-39"/>
    <property name="user.name" value="Admin"/>
    <property name="stdout.encoding" value="Cp1252"/>
    <property name="path.separator" value=";"/>
    <property name="os.version" value="10.0"/>
    <property name="java.runtime.name" value="Java(TM) SE Runtime Environment"/>
    <property name="file.encoding" value="UTF-8"/>
    <property name="java.vm.name" value="Java HotSpot(TM) 64-Bit Server VM"/>
    <property name="localRepository" value="C:\Users\Admin\.m2\repository"/>
    <property name="java.vendor.url.bug" value="https://bugreport.java.com/bugreport/"/>
    <property name="java.io.tmpdir" value="C:\Users\Admin\AppData\Local\Temp\"/>
    <property name="java.version" value="23.0.1"/>
    <property name="user.dir" value="C:\Users\Admin\Desktop\Projeto Calebe 8Ciclo\Judocas-Caleb\calebe"/>
    <property name="os.arch" value="amd64"/>
    <property name="java.vm.specification.name" value="Java Virtual Machine Specification"/>
    <property name="user.language.format" value="pt"/>
    <property name="sun.os.patch.level" value=""/>
    <property name="native.encoding" value="Cp1252"/>
    <property name="java.library.path" value="C:\Program Files\Java\jdk-23\bin;C:\WINDOWS\Sun\Java\bin;C:\WINDOWS\system32;C:\WINDOWS;C:\Program Files\Common Files\Oracle\Java\javapath;c:\python312\scripts\;c:\python312\;c:\windows\system32;c:\windows;c:\windows\system32\wbem;c:\windows\system32\windowspowershell\v1.0\;c:\windows\system32\openssh\;c:\program files (x86)\lua\5.1;c:\program files (x86)\lua\5.1\clibs;c:\program files\dotnet\;c:\program files\microsoft sql server\150\tools\binn\;c:\program files (x86)\windows kits\10\windows performance toolkit\;c:\program files\nvidia gpu computing toolkit\cuda\v11.8\libnvvp;c:\program files\tesseract-ocr;c:\program files\nvidia gpu computing toolkit\tensorrt-8.0.1.6\lib;c:\program files\git\cmd;c:\program files\microsoft sql server\130\tools\binn\;c:\program files\mongodb\server\7.0\bin;c:\users\admin\appdata\local\programs\mongosh;c:\programdata\chocolatey\bin;c:\program files (x86)\dotnet\;c:\cygwin\bin;c:\users\admin\desktop\crypto-scraper\src\scraperutils;c:\program files\nodejs\;C:\Program Files (x86)\NVIDIA Corporation\PhysX\Common;C:\Users\Admin\node_modules\.bin;C:\Users\Admin\.rokit\bin;C:\Program Files\MongoDB\Server\8.0\bin;C:\Program Files\NVIDIA Corporation\NVIDIA app\NvDLISR;C:\Users\Admin\.m2\wrapper\dists\apache-maven-3.6.3-bin\1iopthnavndlasol9gbrbg6bf2\apache-maven-3.6.3\bin;C:\Users\Admin\anaconda3;C:\Users\Admin\anaconda3\Library\mingw-w64\bin;C:\Users\Admin\anaconda3\Library\usr\bin;C:\Users\Admin\anaconda3\Library\bin;C:\Users\Admin\anaconda3\Scripts;C:\Users\Admin\AppData\Local\Microsoft\WindowsApps;C:\Users\Admin\AppData\Local\Programs\Microsoft VS Code\bin;C:\Users\Admin\.dotnet\tools;C:\Program Files (x86)\Nmap;C:\Users\Admin\AppData\Roaming\npm;C:\Users\Admin\AppData\Local\Muse Hub\lib;C:\Users\Admin\.rokit\bin;;."/>
    <property name="java.vm.info" value="mixed mode, sharing"/>
    <property name="stderr.encoding" value="Cp1252"/>
    <property name="java.vendor" value="Oracle Corporation"/>
    <property name="java.vm.version" value="23.0.1+11-39"/>
    <property name="sun.io.unicode.encoding" value="UnicodeLittle"/>
    <property name="java.class.version" value="67.0"/>
  </properties>
  <testcase name="testApagarProfessor" classname="org.fpij.jitakyoei.model.dao.ApagarProfessorDaoTest" time="0.042"/>
</testsuite>